0 info it worked if it ends with ok
1 verbose cli [ 'C:\\Program Files\\nodejs\\node.exe',
1 verbose cli   'C:\\Program Files\\nodejs\\node_modules\\npm\\bin\\npm-cli.js',
1 verbose cli   'start' ]
2 info using npm@3.10.9
3 info using node@v7.2.0
4 verbose run-script [ 'prestart', 'start', 'poststart' ]
5 info lifecycle upframe.co@1.0.0~prestart: upframe.co@1.0.0
6 silly lifecycle upframe.co@1.0.0~prestart: no script for prestart, continuing
7 info lifecycle upframe.co@1.0.0~start: upframe.co@1.0.0
8 verbose lifecycle upframe.co@1.0.0~start: unsafe-perm in lifecycle true
9 verbose lifecycle upframe.co@1.0.0~start: PATH: C:\Program Files\nodejs\node_modules\npm\bin\node-gyp-bin;D:\Code\upframe\victor-hugo\node_modules\.bin;c:\program files\imagemagick-7.0.3-q16;c:\mingw\bin;c:\programdata\oracle\java\javapath;c:\program files (x86)\intel\icls client\;c:\program files\intel\icls client\;c:\windows\system32;c:\windows;c:\windows\system32\wbem;c:\windows\system32\windowspowershell\v1.0\;c:\program files (x86)\intel\intel(r) management engine components\dal;c:\program files\intel\intel(r) management engine components\dal;c:\program files (x86)\intel\intel(r) management engine components\ipt;c:\program files\intel\intel(r) management engine components\ipt;c:\program files\git\cmd;d:\code\go\bin;c:\program files (x86)\putty\;c:\windows\system32\config\systemprofile\.dnx\bin;c:\program files\microsoft dnx\dnvm\;c:\program files (x86)\windows kits\8.1\windows performance toolkit\;c:\program files\microsoft sql server\130\tools\binn\;c:\program files (x86)\gnu\gnupg\pub;c:\program files\mongodb\server\3.2\bin;c:\railsinstaller\ruby2.2.0\bin;c:\program files (x86)\skype\phone\;c:\apache24\bin;c:\program files (x86)\mysql\mysql fabric 1.5 & mysql utilities 1.5\;c:\program files (x86)\mysql\mysql fabric 1.5 & mysql utilities 1.5\doctrine extensions for php\;c:\php;c:\programdata\composersetup\bin;c:\windows\system32;c:\windows;c:\windows\system32\wbem;c:\windows\system32\windowspowershell\v1.0\;c:\users\henrique dias\appdata\roaming\keybase;c:\python27\scripts;c:\program files\intel\wifi\bin\;c:\program files\common files\intel\wirelesscommon\;c:\program files\git\cmd;C:\Program Files (x86)\NVIDIA Corporation\PhysX\Common;D:\Bin;C:\Program Files\nodejs\;C:\Go\bin;C:\Python27\Scripts\;C:\Python27\;C:\RailsInstaller\Ruby2.2.0\bin;C:\Users\Henrique Dias\AppData\Local\atom\bin;C:\Users\Henrique Dias\AppData\Roaming\Composer\vendor\bin;C:\Users\Henrique Dias\AppData\Local\Microsoft\WindowsApps;C:\Program Files\Intel\WiFi\bin\;C:\Program Files\Common Files\Intel\WirelessCommon\;C:\Users\Henrique Dias\AppData\Roaming\npm;C:\Users\Henrique Dias\adb-fastboot\platform-tools
10 verbose lifecycle upframe.co@1.0.0~start: CWD: D:\Code\upframe\victor-hugo
11 silly lifecycle upframe.co@1.0.0~start: Args: [ '/d /s /c', 'gulp server' ]
12 silly lifecycle upframe.co@1.0.0~start: Returned: code: 3221225786  signal: null
13 info lifecycle upframe.co@1.0.0~start: Failed to exec start script
14 verbose stack Error: upframe.co@1.0.0 start: `gulp server`
14 verbose stack Exit status 3221225786
14 verbose stack     at EventEmitter.<anonymous> (C:\Program Files\nodejs\node_modules\npm\lib\utils\lifecycle.js:255:16)
14 verbose stack     at emitTwo (events.js:106:13)
14 verbose stack     at EventEmitter.emit (events.js:191:7)
14 verbose stack     at ChildProcess.<anonymous> (C:\Program Files\nodejs\node_modules\npm\lib\utils\spawn.js:40:14)
14 verbose stack     at emitTwo (events.js:106:13)
14 verbose stack     at ChildProcess.emit (events.js:191:7)
14 verbose stack     at maybeClose (internal/child_process.js:885:16)
14 verbose stack     at Process.ChildProcess._handle.onexit (internal/child_process.js:226:5)
15 verbose pkgid upframe.co@1.0.0
16 verbose cwd D:\Code\upframe\victor-hugo
17 error Windows_NT 10.0.14393
18 error argv "C:\\Program Files\\nodejs\\node.exe" "C:\\Program Files\\nodejs\\node_modules\\npm\\bin\\npm-cli.js" "start"
19 error node v7.2.0
20 error npm  v3.10.9
21 error code ELIFECYCLE
22 error upframe.co@1.0.0 start: `gulp server`
22 error Exit status 3221225786
23 error Failed at the upframe.co@1.0.0 start script 'gulp server'.
23 error Make sure you have the latest version of node.js and npm installed.
23 error If you do, this is most likely a problem with the upframe.co package,
23 error not with npm itself.
23 error Tell the author that this fails on your system:
23 error     gulp server
23 error You can get information on how to open an issue for this project with:
23 error     npm bugs upframe.co
23 error Or if that isn't available, you can get their info via:
23 error     npm owner ls upframe.co
23 error There is likely additional logging output above.
24 verbose exit [ 1, true ]
